Arguments: 
  C:\Program Files\nodejs\node.exe C:\Users\gregc\AppData\Roaming\npm\node_modules\yarn\bin\yarn.js install

PATH: 
  C:\Program Files (x86)\Common Files\Oracle\Java\javapath;C:\Python27\;C:\Python27\Scripts;C:\Program Files (x86)\Common Files\Intel\Shared Libraries\redist\intel64\compiler;C:\Program Files (x86)\Intel\iCLS Client\;C:\Program Files\Intel\iCLS Client\;C:\Windows\system32;C:\Windows;C:\Windows\System32\Wbem;C:\Windows\System32\WindowsPowerShell\v1.0\;C:\Program Files (x86)\Intel\Intel(R) Management Engine Components\DAL;C:\Program Files\Intel\Intel(R) Management Engine Components\DAL;C:\Program Files (x86)\Intel\Intel(R) Management Engine Components\IPT;C:\Program Files\Intel\Intel(R) Management Engine Components\IPT;C:\Program Files (x86)\NVIDIA Corporation\PhysX\Common;C:\WINDOWS\system32;C:\WINDOWS;C:\WINDOWS\System32\Wbem;C:\WINDOWS\System32\WindowsPowerShell\v1.0\;C:\WINDOWS\System32\OpenSSH\;C:\MinGW\bin;C:\Program Files\dotnet\;C:\Program Files\Git\cmd;C:\Program Files\Java\jdk-14.0.2\bin;C:\ProgramData\chocolatey\bin;C:\Program Files\nodejs\;C:\Program Files\OpenJDK\openjdk-8u282-b08\bin;;C:\Program Files\NVIDIA Corporation\NVIDIA NvDLISR;C:\Program Files\PuTTY\;C:\Users\gregc\AppData\Local\Programs\Python\Python310\Scripts\;C:\Users\gregc\AppData\Local\Programs\Python\Python310\;C:\Users\gregc\AppData\Local\Programs\Python\Python38-32\Scripts\;C:\Users\gregc\AppData\Local\Programs\Python\Python38-32\;C:\Users\gregc\AppData\Local\Microsoft\WindowsApps;C:\Users\gregc\AppData\Local\Programs\Microsoft VS Code\bin;C:\Users\gregc\AppData\Roaming\npm;C:\Users\gregc\AppData\Local\Android\Sdk\platform-tools;C:\Program Files\heroku\bin

Yarn version: 
  1.22.17

Node version: 
  15.10.0

Platform: 
  win32 x64

Trace: 
  Error: https://registry.yarnpkg.com/react-native/-/react-native-0.64.3.tgz: ESOCKETTIMEDOUT
      at ClientRequest.<anonymous> (C:\Users\gregc\AppData\Roaming\npm\node_modules\yarn\lib\cli.js:141510:19)
      at Object.onceWrapper (node:events:484:28)
      at ClientRequest.emit (node:events:378:20)
      at TLSSocket.emitRequestTimeout (node:_http_client:780:9)
      at Object.onceWrapper (node:events:484:28)
      at TLSSocket.emit (node:events:390:22)
      at TLSSocket.Socket._onTimeout (node:net:480:8)
      at listOnTimeout (node:internal/timers:557:17)
      at processTimers (node:internal/timers:500:7)

npm manifest: 
  {
    "main": "node_modules/expo/AppEntry.js",
    "scripts": {
      "start": "expo start",
      "android": "expo start --android",
      "ios": "expo start --ios",
      "web": "expo start --web",
      "eject": "expo eject"
    },
    "dependencies": {
      "expo": "~43.0.2",
      "expo-status-bar": "~1.1.0",
      "react": "17.0.1",
      "react-dom": "17.0.1",
      "react-native": "0.64.3",
      "react-native-web": "0.17.1"
    },
    "devDependencies": {
      "@babel/core": "^7.12.9"
    },
    "private": true
  }

yarn manifest: 
  No manifest

Lockfile: 
  No lockfile
